<?xml version="1.0" encoding="UTF-8" ?>
<testsuite tests="7" failures="0" name="cucumber.Options.TestRunner" time="0" errors="0" skipped="0">
  <properties>
[...]
</properties>
  <testcase classname="| ram | english | main road |" name="Given Add place playload with &quot;ram&quot; &quot;english&quot; &quot;main road&quot;" time="0"/>
  <testcase classname="| ram | english | main road |" name="When user calls &quot;AddPlaceAPI&quot; with &quot;POST&quot; http request" time="0"/>
  <testcase classname="| ram | english | main road |" name="Then the API call got success with status code 200" time="0"/>
  <testcase classname="| ram | english | main road |" name="And &quot;status&quot; in reponse body is &quot;OK&quot;" time="0"/>
  <testcase classname="| ram | english | main road |" name="And &quot;scope&quot; in reponse body is &quot;APP&quot;" time="0"/>
  <testcase classname="| ram | english | main road |" name="And verify place Id created maps to &quot;ram&quot; using &quot;getPlaceAPI&quot;" time="0"/>
  <testcase classname="| ram | english | main road |" name="| ram | english | main road |" time="0"/>
</testsuite>